Log file open, 03/16/19 17:49:54
LogWindows: Failed to load 'aqProf.dll' (GetLastError=126)
LogWindows: File 'aqProf.dll' does not exist
LogWindows: Failed to load 'VtuneApi.dll' (GetLastError=126)
LogWindows: File 'VtuneApi.dll' does not exist
LogWindows: Failed to load 'VtuneApi32e.dll' (GetLastError=126)
LogWindows: File 'VtuneApi32e.dll' does not exist
LogInit: Display: Running engine for game: BuildingEscape
LogPlatformFile: Not using cached read wrapper
LogInit: Display: RandInit(-655279627) SRandInit(-655279627).
LogInit: Read version file with build ID '3944462'
LogInit: Overriding engine version to CL 4033788, compatible CL 3944462
LogInit: Registered custom module enumerator with build ID '3944462'
LogTaskGraph: Started task graph with 5 named threads and 11 total threads with 3 sets of task threads.
LogStats: Stats thread started at 0.151557
LogD3D11RHI: Aftermath initialized
LogICUInternationalization: Display: ICU TimeZone Detection - Raw Offset: -7:00, Platform Override: ''
LogPluginManager: Mounting plugin Paper2D
LogPluginManager: Mounting plugin LiveLink
LogPluginManager: Mounting plugin LightPropagationVolume
LogPluginManager: Mounting plugin CLionSourceCodeAccess
LogPluginManager: Mounting plugin CodeLiteSourceCodeAccess
LogPluginManager: Mounting plugin GitSourceControl
LogPluginManager: Mounting plugin KDevelopSourceCodeAccess
LogPluginManager: Mounting plugin NullSourceCodeAccess
LogPluginManager: Mounting plugin PerforceSourceControl
LogPluginManager: Mounting plugin SubversionSourceControl
LogPluginManager: Mounting plugin UObjectPlugin
LogPluginManager: Mounting plugin VisualStudioCodeSourceCodeAccess
LogPluginManager: Mounting plugin VisualStudioSourceCodeAccess
LogPluginManager: Mounting plugin XCodeSourceCodeAccess
LogPluginManager: Mounting plugin AssetManagerEditor
LogPluginManager: Mounting plugin CryptoKeys
LogPluginManager: Mounting plugin DataValidation
LogPluginManager: Mounting plugin FacialAnimation
LogPluginManager: Mounting plugin GameplayTagsEditor
LogPluginManager: Mounting plugin MobileLauncherProfileWizard
LogPluginManager: Mounting plugin PluginBrowser
LogPluginManager: Mounting plugin SpeedTreeImporter
LogPluginManager: Mounting plugin DatasmithContent
LogPluginManager: Mounting plugin AlembicImporter
LogPluginManager: Mounting plugin CharacterAI
LogPluginManager: Mounting plugin HTML5Networking
LogPluginManager: Mounting plugin AndroidMedia
LogPluginManager: Mounting plugin AvfMedia
LogPluginManager: Mounting plugin ImgMedia
LogPluginManager: Mounting plugin LinearTimecode
LogPluginManager: Mounting plugin MediaCompositing
LogPluginManager: Mounting plugin MediaPlayerEditor
LogPluginManager: Mounting plugin WmfMedia
LogPluginManager: Mounting plugin TcpMessaging
LogPluginManager: Mounting plugin UdpMessaging
LogPluginManager: Mounting plugin ActorSequence
LogPluginManager: Mounting plugin LevelSequenceEditor
LogPluginManager: Mounting plugin MatineeToLevelSequence
LogPluginManager: Mounting plugin NetcodeUnitTest
LogPluginManager: Mounting plugin NUTUnrealEngine4
LogPluginManager: Mounting plugin OnlineSubsystemGooglePlay
LogPluginManager: Mounting plugin OnlineSubsystemIOS
LogPluginManager: Mounting plugin OnlineSubsystem
LogPluginManager: Mounting plugin OnlineSubsystemNull
LogPluginManager: Mounting plugin OnlineSubsystemUtils
LogPluginManager: Mounting plugin AndroidDeviceProfileSelector
LogPluginManager: Mounting plugin AndroidMoviePlayer
LogPluginManager: Mounting plugin AndroidPermission
LogPluginManager: Mounting plugin AppleARKit
LogPluginManager: Mounting plugin AppleMoviePlayer
LogPluginManager: Mounting plugin ArchVisCharacter
LogPluginManager: Mounting plugin AudioCapture
LogPluginManager: Mounting plugin CableComponent
LogPluginManager: Mounting plugin CustomMeshComponent
LogPluginManager: Mounting plugin ExampleDeviceProfileSelector
LogPluginManager: Mounting plugin GoogleCloudMessaging
LogPluginManager: Mounting plugin ImmediatePhysics
LogPluginManager: Mounting plugin IOSDeviceProfileSelector
LogPluginManager: Mounting plugin LinuxDeviceProfileSelector
LogPluginManager: Mounting plugin LocationServicesBPLibrary
LogPluginManager: Mounting plugin MobilePatchingUtils
LogPluginManager: Mounting plugin OculusVR
LogPluginManager: Plugin shader directory ../../../Engine/Plugins/Runtime/Oculus/OculusVR/Shaders found
LogPluginManager: Mapping shader source directory ../../../Engine/Plugins/Runtime/Oculus/OculusVR/Shaders to virtual directory /Plugin/OculusVR
LogPluginManager: Mounting plugin PhysXVehicles
LogPluginManager: Mounting plugin ProceduralMeshComponent
LogPluginManager: Mounting plugin RuntimePhysXCooking
LogPluginManager: Mounting plugin SteamVR
LogPluginManager: Mounting plugin WindowsMoviePlayer
LogStreaming: Display: Took  0.131s to configure plugins.
LogModuleManager: Display: Found up-to-date module file ../../../../../../Users/0dps1/Documents/GitHub/BuildingEscape/BuildingEscape/Binaries/Win64/UE4Editor-BuildingEscape.dll (API version 3944462).
LogModuleManager: Display: Found up-to-date module file ../../../Engine/Plugins/2D/Paper2D/Binaries/Win64/UE4Editor-Paper2D.dll (API version 3944462).
LogModuleManager: Display: Found up-to-date module file ../../../Engine/Plugins/2D/Paper2D/Binaries/Win64/UE4Editor-Paper2DEditor.dll (API version 3944462).
LogModuleManager: Display: Found up-to-date module file ../../../Engine/Plugins/2D/Paper2D/Binaries/Win64/UE4Editor-PaperSpriteSheetImporter.dll (API version 3944462).
LogModuleManager: Display: Found up-to-date module file ../../../Engine/Plugins/2D/Paper2D/Binaries/Win64/UE4Editor-PaperTiledImporter.dll (API version 3944462).
LogModuleManager: Display: Found up-to-date module file ../../../Engine/Plugins/2D/Paper2D/Binaries/Win64/UE4Editor-SmartSnapping.dll (API version 3944462).
LogModuleManager: Display: Found up-to-date module file ../../../Engine/Plugins/Animation/LiveLink/Binaries/Win64/UE4Editor-LiveLink.dll (API version 3944462).
LogModuleManager: Display: Found up-to-date module file ../../../Engine/Plugins/Animation/LiveLink/Binaries/Win64/UE4Editor-LiveLinkEditor.dll (API version 3944462).
LogModuleManager: Display: Found up-to-date module file ../../../Engine/Plugins/Blendables/LightPropagationVolume/Binaries/Win64/UE4Editor-LightPropagationVolumeRuntime.dll (API version 3944462).
LogModuleManager: Display: Found up-to-date module file ../../../Engine/Plugins/Blendables/LightPropagationVolume/Binaries/Win64/UE4Editor-LightPropagationVolumeEditor.dll (API version 3944462).
LogModuleManager: Display: Found up-to-date module file ../../../Engine/Plugins/Developer/CLionSourceCodeAccess/Binaries/Win64/UE4Editor-CLionSourceCodeAccess.dll (API version 3944462).
LogModuleManager: Display: Found up-to-date module file ../../../Engine/Plugins/Developer/GitSourceControl/Binaries/Win64/UE4Editor-GitSourceControl.dll (API version 3944462).
LogModuleManager: Display: Found up-to-date module file ../../../Engine/Plugins/Developer/PerforceSourceControl/Binaries/Win64/UE4Editor-PerforceSourceControl.dll (API version 3944462).
LogModuleManager: Display: Found up-to-date module file ../../../Engine/Plugins/Developer/SubversionSourceControl/Binaries/Win64/UE4Editor-SubversionSourceControl.dll (API version 3944462).
LogModuleManager: Display: Found up-to-date module file ../../../Engine/Plugins/Developer/UObjectPlugin/Binaries/Win64/UE4Editor-UObjectPlugin.dll (API version 3944462).
LogModuleManager: Display: Found up-to-date module file ../../../Engine/Plugins/Developer/VisualStudioCodeSourceCodeAccess/Binaries/Win64/UE4Editor-VisualStudioCodeSourceCodeAccess.dll (API version 3944462).
LogModuleManager: Display: Found up-to-date module file ../../../Engine/Plugins/Developer/VisualStudioSourceCodeAccess/Binaries/Win64/UE4Editor-VisualStudioSourceCodeAccess.dll (API version 3944462).
LogModuleManager: Display: Found up-to-date module file ../../../Engine/Plugins/Editor/AssetManagerEditor/Binaries/Win64/UE4Editor-AssetManagerEditor.dll (API version 3944462).
LogModuleManager: Display: Found up-to-date module file ../../../Engine/Plugins/Editor/CryptoKeys/Binaries/Win64/UE4Editor-CryptoKeys.dll (API version 3944462).
LogModuleManager: Display: Found up-to-date module file ../../../Engine/Plugins/Editor/CryptoKeys/Binaries/Win64/UE4Editor-CryptoKeysOpenSSL.dll (API version 3944462).
LogModuleManager: Display: Found up-to-date module file ../../../Engine/Plugins/Editor/DataValidation/Binaries/Win64/UE4Editor-DataValidation.dll (API version 3944462).
LogModuleManager: Display: Found up-to-date module file ../../../Engine/Plugins/Editor/FacialAnimation/Binaries/Win64/UE4Editor-FacialAnimation.dll (API version 3944462).
LogModuleManager: Display: Found up-to-date module file ../../../Engine/Plugins/Editor/FacialAnimation/Binaries/Win64/UE4Editor-FacialAnimationEditor.dll (API version 3944462).
LogModuleManager: Display: Found up-to-date module file ../../../Engine/Plugins/Editor/GameplayTagsEditor/Binaries/Win64/UE4Editor-GameplayTagsEditor.dll (API version 3944462).
LogModuleManager: Display: Found up-to-date module file ../../../Engine/Plugins/Editor/MobileLauncherProfileWizard/Binaries/Win64/UE4Editor-MobileLauncherProfileWizard.dll (API version 3944462).
LogModuleManager: Display: Found up-to-date module file ../../../Engine/Plugins/Editor/PluginBrowser/Binaries/Win64/UE4Editor-PluginBrowser.dll (API version 3944462).
LogModuleManager: Display: Found up-to-date module file ../../../Engine/Plugins/Editor/SpeedTreeImporter/Binaries/Win64/UE4Editor-SpeedTreeImporter.dll (API version 3944462).
LogModuleManager: Display: Found up-to-date module file ../../../Engine/Plugins/Enterprise/DatasmithContent/Binaries/Win64/UE4Editor-DatasmithContent.dll (API version 3944462).
LogModuleManager: Display: Found up-to-date module file ../../../Engine/Plugins/Experimental/AlembicImporter/Binaries/Win64/UE4Editor-AlembicImporter.dll (API version 3944462).
LogModuleManager: Display: Found up-to-date module file ../../../Engine/Plugins/Experimental/AlembicImporter/Binaries/Win64/UE4Editor-AlembicLibrary.dll (API version 3944462).
LogModuleManager: Display: Found up-to-date module file ../../../Engine/Plugins/Experimental/CharacterAI/Binaries/Win64/UE4Editor-CharacterAI.dll (API version 3944462).
LogModuleManager: Display: Found up-to-date module file ../../../Engine/Plugins/Experimental/HTML5Networking/Binaries/Win64/UE4Editor-HTML5Networking.dll (API version 3944462).
LogModuleManager: Display: Found up-to-date module file ../../../Engine/Plugins/Media/AndroidMedia/Binaries/Win64/UE4Editor-AndroidMediaEditor.dll (API version 3944462).
LogModuleManager: Display: Found up-to-date module file ../../../Engine/Plugins/Media/AndroidMedia/Binaries/Win64/UE4Editor-AndroidMediaFactory.dll (API version 3944462).
LogModuleManager: Display: Found up-to-date module file ../../../Engine/Plugins/Media/AvfMedia/Binaries/Win64/UE4Editor-AvfMediaEditor.dll (API version 3944462).
LogModuleManager: Display: Found up-to-date module file ../../../Engine/Plugins/Media/AvfMedia/Binaries/Win64/UE4Editor-AvfMediaFactory.dll (API version 3944462).
LogModuleManager: Display: Found up-to-date module file ../../../Engine/Plugins/Media/AvfMedia/Binaries/Win64/UE4Editor-AvfMediaFactory.dll (API version 3944462).
LogModuleManager: Display: Found up-to-date module file ../../../Engine/Plugins/Media/ImgMedia/Binaries/Win64/UE4Editor-ImgMedia.dll (API version 3944462).
LogModuleManager: Display: Found up-to-date module file ../../../Engine/Plugins/Media/ImgMedia/Binaries/Win64/UE4Editor-ImgMediaEditor.dll (API version 3944462).
LogModuleManager: Display: Found up-to-date module file ../../../Engine/Plugins/Media/ImgMedia/Binaries/Win64/UE4Editor-ImgMediaFactory.dll (API version 3944462).
LogModuleManager: Display: Found up-to-date module file ../../../Engine/Plugins/Media/ImgMedia/Binaries/Win64/UE4Editor-ImgMediaFactory.dll (API version 3944462).
LogModuleManager: Display: Found up-to-date module file ../../../Engine/Plugins/Media/ImgMedia/Binaries/Win64/UE4Editor-OpenExrWrapper.dll (API version 3944462).
LogModuleManager: Display: Found up-to-date module file ../../../Engine/Plugins/Media/LinearTimecode/Binaries/Win64/UE4Editor-LinearTimecode.dll (API version 3944462).
LogModuleManager: Display: Found up-to-date module file ../../../Engine/Plugins/Media/MediaCompositing/Binaries/Win64/UE4Editor-MediaCompositing.dll (API version 3944462).
LogModuleManager: Display: Found up-to-date module file ../../../Engine/Plugins/Media/MediaCompositing/Binaries/Win64/UE4Editor-MediaCompositingEditor.dll (API version 3944462).
LogModuleManager: Display: Found up-to-date module file ../../../Engine/Plugins/Media/MediaPlayerEditor/Binaries/Win64/UE4Editor-MediaPlayerEditor.dll (API version 3944462).
LogModuleManager: Display: Found up-to-date module file ../../../Engine/Plugins/Media/WmfMedia/Binaries/Win64/UE4Editor-WmfMedia.dll (API version 3944462).
LogModuleManager: Display: Found up-to-date module file ../../../Engine/Plugins/Media/WmfMedia/Binaries/Win64/UE4Editor-WmfMediaEditor.dll (API version 3944462).
LogModuleManager: Display: Found up-to-date module file ../../../Engine/Plugins/Media/WmfMedia/Binaries/Win64/UE4Editor-WmfMediaFactory.dll (API version 3944462).
LogModuleManager: Display: Found up-to-date module file ../../../Engine/Plugins/Media/WmfMedia/Binaries/Win64/UE4Editor-WmfMediaFactory.dll (API version 3944462).
LogModuleManager: Display: Found up-to-date module file ../../../Engine/Plugins/Messaging/TcpMessaging/Binaries/Win64/UE4Editor-TcpMessaging.dll (API version 3944462).
LogModuleManager: Display: Found up-to-date module file ../../../Engine/Plugins/Messaging/UdpMessaging/Binaries/Win64/UE4Editor-UdpMessaging.dll (API version 3944462).
LogModuleManager: Display: Found up-to-date module file ../../../Engine/Plugins/MovieScene/ActorSequence/Binaries/Win64/UE4Editor-ActorSequence.dll (API version 3944462).
LogModuleManager: Display: Found up-to-date module file ../../../Engine/Plugins/MovieScene/LevelSequenceEditor/Binaries/Win64/UE4Editor-LevelSequenceEditor.dll (API version 3944462).
LogModuleManager: Display: Found up-to-date module file ../../../Engine/Plugins/MovieScene/MatineeToLevelSequence/Binaries/Win64/UE4Editor-MatineeToLevelSequence.dll (API version 3944462).
LogModuleManager: Display: Found up-to-date module file ../../../Engine/Plugins/NetcodeUnitTest/NetcodeUnitTest/Binaries/Win64/UE4Editor-NetcodeUnitTest.dll (API version 3944462).
LogModuleManager: Display: Found up-to-date module file ../../../Engine/Plugins/NetcodeUnitTest/NUTUnrealEngine4/Binaries/Win64/UE4Editor-NUTUnrealEngine4.dll (API version 3944462).
LogModuleManager: Display: Found up-to-date module file ../../../Engine/Plugins/Online/OnlineSubsystem/Binaries/Win64/UE4Editor-OnlineSubsystem.dll (API version 3944462).
LogModuleManager: Display: Found up-to-date module file ../../../Engine/Plugins/Online/OnlineSubsystemNull/Binaries/Win64/UE4Editor-OnlineSubsystemNull.dll (API version 3944462).
LogModuleManager: Display: Found up-to-date module file ../../../Engine/Plugins/Online/OnlineSubsystemUtils/Binaries/Win64/UE4Editor-OnlineSubsystemUtils.dll (API version 3944462).
LogModuleManager: Display: Found up-to-date module file ../../../Engine/Plugins/Online/OnlineSubsystemUtils/Binaries/Win64/UE4Editor-OnlineBlueprintSupport.dll (API version 3944462).
LogModuleManager: Display: Found up-to-date module file ../../../Engine/Plugins/Runtime/AndroidDeviceProfileSelector/Binaries/Win64/UE4Editor-AndroidDeviceProfileSelector.dll (API version 3944462).
LogModuleManager: Display: Found up-to-date module file ../../../Engine/Plugins/Runtime/AndroidPermission/Binaries/Win64/UE4Editor-AndroidPermission.dll (API version 3944462).
LogModuleManager: Display: Found up-to-date module file ../../../Engine/Plugins/Runtime/AppleARKit/Binaries/Win64/UE4Editor-AppleARKit.dll (API version 3944462).
LogModuleManager: Display: Found up-to-date module file ../../../Engine/Plugins/Runtime/ArchVisCharacter/Binaries/Win64/UE4Editor-ArchVisCharacter.dll (API version 3944462).
LogModuleManager: Display: Found up-to-date module file ../../../Engine/Plugins/Runtime/AudioCapture/Binaries/Win64/UE4Editor-AudioCapture.dll (API version 3944462).
LogModuleManager: Display: Found up-to-date module file ../../../Engine/Plugins/Runtime/AudioCapture/Binaries/Win64/UE4Editor-AudioCaptureEditor.dll (API version 3944462).
LogModuleManager: Display: Found up-to-date module file ../../../Engine/Plugins/Runtime/CableComponent/Binaries/Win64/UE4Editor-CableComponent.dll (API version 3944462).
LogModuleManager: Display: Found up-to-date module file ../../../Engine/Plugins/Runtime/CustomMeshComponent/Binaries/Win64/UE4Editor-CustomMeshComponent.dll (API version 3944462).
LogModuleManager: Display: Found up-to-date module file ../../../Engine/Plugins/Runtime/ExampleDeviceProfileSelector/Binaries/Win64/UE4Editor-ExampleDeviceProfileSelector.dll (API version 3944462).
LogModuleManager: Display: Found up-to-date module file ../../../Engine/Plugins/Runtime/ImmediatePhysics/Binaries/Win64/UE4Editor-ImmediatePhysics.dll (API version 3944462).
LogModuleManager: Display: Found up-to-date module file ../../../Engine/Plugins/Runtime/ImmediatePhysics/Binaries/Win64/UE4Editor-ImmediatePhysicsEditor.dll (API version 3944462).
LogModuleManager: Display: Found up-to-date module file ../../../Engine/Plugins/Runtime/LocationServicesBPLibrary/Binaries/Win64/UE4Editor-LocationServicesBPLibrary.dll (API version 3944462).
LogModuleManager: Display: Found up-to-date module file ../../../Engine/Plugins/Runtime/MobilePatchingUtils/Binaries/Win64/UE4Editor-MobilePatchingUtils.dll (API version 3944462).
LogModuleManager: Display: Found up-to-date module file ../../../Engine/Plugins/Runtime/Oculus/OculusVR/Binaries/Win64/UE4Editor-OculusHMD.dll (API version 3944462).
LogModuleManager: Display: Found up-to-date module file ../../../Engine/Plugins/Runtime/Oculus/OculusVR/Binaries/Win64/UE4Editor-OculusInput.dll (API version 3944462).
LogModuleManager: Display: Found up-to-date module file ../../../Engine/Plugins/Runtime/Oculus/OculusVR/Binaries/Win64/UE4Editor-OculusEditor.dll (API version 3944462).
LogModuleManager: Display: Found up-to-date module file ../../../Engine/Plugins/Runtime/PhysXVehicles/Binaries/Win64/UE4Editor-PhysXVehicles.dll (API version 3944462).
LogModuleManager: Display: Found up-to-date module file ../../../Engine/Plugins/Runtime/PhysXVehicles/Binaries/Win64/UE4Editor-PhysXVehiclesEditor.dll (API version 3944462).
LogModuleManager: Display: Found up-to-date module file ../../../Engine/Plugins/Runtime/ProceduralMeshComponent/Binaries/Win64/UE4Editor-ProceduralMeshComponent.dll (API version 3944462).
LogModuleManager: Display: Found up-to-date module file ../../../Engine/Plugins/Runtime/ProceduralMeshComponent/Binaries/Win64/UE4Editor-ProceduralMeshComponentEditor.dll (API version 3944462).
LogModuleManager: Display: Found up-to-date module file ../../../Engine/Plugins/Runtime/RuntimePhysXCooking/Binaries/Win64/UE4Editor-RuntimePhysXCooking.dll (API version 3944462).
LogModuleManager: Display: Found up-to-date module file ../../../Engine/Plugins/Runtime/Steam/SteamVR/Binaries/Win64/UE4Editor-SteamVR.dll (API version 3944462).
LogModuleManager: Display: Found up-to-date module file ../../../Engine/Plugins/Runtime/Steam/SteamVR/Binaries/Win64/UE4Editor-SteamVRController.dll (API version 3944462).
LogModuleManager: Display: Found up-to-date module file ../../../Engine/Plugins/Runtime/WindowsMoviePlayer/Binaries/Win64/UE4Editor-WindowsMoviePlayer.dll (API version 3944462).
LogInit: Using libcurl 7.47.1
LogInit:  - built for x86_64-pc-win32
LogInit:  - supports SSL with OpenSSL/1.0.2g
LogInit:  - supports HTTP deflate (compression) using libz 1.2.8
LogInit:  - other features:
LogInit:      CURL_VERSION_SSL
LogInit:      CURL_VERSION_LIBZ
LogInit:      CURL_VERSION_IPV6
LogInit:      CURL_VERSION_ASYNCHDNS
LogInit:      CURL_VERSION_LARGEFILE
LogInit:      CURL_VERSION_IDN
LogInit:  CurlRequestOptions (configurable via config and command line):
LogInit:  - bVerifyPeer = false  - Libcurl will NOT verify peer certificate
LogInit:  - bUseHttpProxy = false  - Libcurl will NOT use HTTP proxy
LogInit:  - bDontReuseConnections = false  - Libcurl will reuse connections
LogInit:  - CertBundlePath = nullptr  - Libcurl will use whatever was configured at build time.
LogInit:  - MaxHostConnections = 16  - Libcurl will limit the number of connections to a host
LogInit:  - LocalHostAddr = Default
LogInit: WinSock: version 1.1 (2.2), MaxSocks=32767, MaxUdp=65467
LogInit: WinSock: I am DESKTOP-E4ITIIF (10.0.0.149:0)
LogInit: Build: ++UE4+Release-4.19-CL-4033788
LogInit: Engine Version: 4.19.2-4033788+++UE4+Release-4.19
LogInit: Compatible Engine Version: 4.19.0-3944462+++UE4+Release-4.19
LogInit: Net CL: 3944462
LogDevObjectVersion: Number of dev versions registered: 18
LogDevObjectVersion:   Dev-Blueprints (B0D832E4-1F89-4F0D-ACCF-7EB736FD4AA2): 10
LogDevObjectVersion:   Dev-Build (E1C64328-A22C-4D53-A36C-8E866417BD8C): 0
LogDevObjectVersion:   Dev-Core (375EC13C-06E4-48FB-B500-84F0262A717E): 2
LogDevObjectVersion:   Dev-Editor (E4B068ED-F494-42E9-A231-DA0B2E46BB41): 23
LogDevObjectVersion:   Dev-Framework (CFFC743F-43B0-4480-9391-14DF171D2073): 33
LogDevObjectVersion:   Dev-Mobile (B02B49B5-BB20-44E9-A304-32B752E40360): 2
LogDevObjectVersion:   Dev-Networking (A4E4105C-59A1-49B5-A7C5-40C4547EDFEE): 0
LogDevObjectVersion:   Dev-Online (39C831C9-5AE6-47DC-9A44-9C173E1C8E7C): 0
LogDevObjectVersion:   Dev-Physics (78F01B33-EBEA-4F98-B9B4-84EACCB95AA2): 0
LogDevObjectVersion:   Dev-Platform (6631380F-2D4D-43E0-8009-CF276956A95A): 0
LogDevObjectVersion:   Dev-Rendering (12F88B9F-8875-4AFC-A67C-D90C383ABD29): 25
LogDevObjectVersion:   Dev-Sequencer (7B5AE74C-D270-4C10-A958-57980B212A5A): 6
LogDevObjectVersion:   Dev-VR (D7296918-1DD6-4BDD-9DE2-64A83CC13884): 1
LogDevObjectVersion:   Dev-LoadTimes (C2A15278-BFE7-4AFE-6C17-90FF531DF755): 1
LogDevObjectVersion:   Private-Geometry (6EACA3D4-40EC-4CC1-B786-8BED09428FC5): 2
LogDevObjectVersion:   Dev-AnimPhys (29E575DD-E0A3-4627-9D10-D276232CDCEA): 16
LogDevObjectVersion:   Dev-ReflectionCapture (6B266CEC-1EC7-4B8F-A30B-E4D90942FC07): 1
LogDevObjectVersion:   Dev-Automation (0DF73D61-A23F-47EA-B727-89E90C41499A): 1
LogInit: Compiled (64-bit): Apr 27 2018 02:06:57
LogInit: Compiled with Visual C++: 19.00.24215.01
LogInit: Build Configuration: Development
LogInit: Branch Name: ++UE4+Release-4.19
LogInit: Command Line: 
LogInit: Base Directory: C:/Program Files/Epic Games/UE_4.19/Engine/Binaries/Win64/
LogInit: Installed Engine Build: 1
LogStreaming: Display: Took  0.000s to delete old logs.
LogInit: Presizing for max 8388607 objects, including 0 objects not considered by GC, pre-allocating 0 bytes for permanent pool.
LogInit: Object subsystem initialized
[2019.03.16-23.49.57:377][  0]LogInit: Selected Device Profile: [Windows]
[2019.03.16-23.49.57:377][  0]LogInit: Applying CVar settings loaded from the selected device profile: [Windows]
[2019.03.16-23.49.57:390][  0]LogInit: Computer: DESKTOP-E4ITIIF
[2019.03.16-23.49.57:390][  0]LogInit: User: 0dps1
[2019.03.16-23.49.57:390][  0]LogInit: CPU Page size=4096, Cores=2
[2019.03.16-23.49.57:390][  0]LogInit: High frequency timer resolution =2.835938 MHz
[2019.03.16-23.49.57:390][  0]LogMemory: Memory total: Physical=11.9GB (12GB approx)
[2019.03.16-23.49.57:390][  0]LogMemory: Platform Memory Stats for Windows
[2019.03.16-23.49.57:390][  0]LogMemory: Process Physical Memory: 272.64 MB used, 272.64 MB peak
[2019.03.16-23.49.57:390][  0]LogMemory: Process Virtual Memory: 266.09 MB used, 266.09 MB peak
[2019.03.16-23.49.57:390][  0]LogMemory: Physical Memory: 6151.98 MB used,  6005.91 MB free, 12157.89 MB total
[2019.03.16-23.49.57:390][  0]LogMemory: Virtual Memory: 4783.29 MB used,  6005.91 MB free, 134217728.00 MB total
[2019.03.16-23.49.57:410][  0]LogInit: Using OS detected language (en-US).
[2019.03.16-23.49.57:410][  0]LogInit: Using OS detected locale (en-US).
[2019.03.16-23.49.57:413][  0]LogTextLocalizationManager: No specific localization for 'en-US' exists, so the 'en' localization will be used.
[2019.03.16-23.49.57:804][  0]LogStreaming: Display: Took  0.394s to EndInitTextLocalization.
[2019.03.16-23.49.57:804][  0]LogInit: Setting process to per monitor DPI aware
[2019.03.16-23.49.57:860][  0]LogSlate: New Slate User Created.  User Index 0, Is Virtual User: 0
[2019.03.16-23.49.57:860][  0]LogSlate: Slate User Registered.  User Index 0, Is Virtual User: 0
[2019.03.16-23.49.58:097][  0]LogD3D11RHI: D3D11 adapters:
[2019.03.16-23.49.58:109][  0]LogD3D11RHI:    0. 'Intel(R) HD Graphics 620' (Feature Level 11_0)
[2019.03.16-23.49.58:109][  0]LogD3D11RHI:       128/0/6078 MB DedicatedVideo/DedicatedSystem/SharedSystem, Outputs:1, VendorId:0x8086
[2019.03.16-23.49.58:111][  0]LogD3D11RHI:    1. 'Microsoft Basic Render Driver' (Feature Level 11_0)
[2019.03.16-23.49.58:111][  0]LogD3D11RHI:       0/0/6078 MB DedicatedVideo/DedicatedSystem/SharedSystem, Outputs:0, VendorId:0x1414
[2019.03.16-23.49.58:111][  0]LogD3D11RHI: Chosen D3D11 Adapter: 0
[2019.03.16-23.49.58:119][  0]LogD3D11RHI: Creating new Direct3DDevice
[2019.03.16-23.49.58:119][  0]LogD3D11RHI:     GPU DeviceId: 0x5916 (for the marketing name, search the web for "GPU Device Id")
[2019.03.16-23.49.58:119][  0]LogWindows: EnumDisplayDevices:
[2019.03.16-23.49.58:119][  0]LogWindows:    0. 'Intel(R) HD Graphics 620' (P:1 D:1)
[2019.03.16-23.49.58:119][  0]LogWindows:    1. 'Intel(R) HD Graphics 620' (P:0 D:0)
[2019.03.16-23.49.58:119][  0]LogWindows:    2. 'Intel(R) HD Graphics 620' (P:0 D:0)
[2019.03.16-23.49.58:120][  0]LogWindows: DebugString: GetVideoDriverDetailsInvalid PrimaryIsNotTheChoosenAdapter GetVideoDriverDetailsInvalid PrimaryIsNotTheChoosenAdapter GetVideoDriverDetailsInvalid PrimaryIsNotTheChoosenAdapter FoundDriverCount:0 
[2019.03.16-23.49.58:120][  0]LogD3D11RHI:     Adapter Name: Intel(R) HD Graphics 620
[2019.03.16-23.49.58:120][  0]LogD3D11RHI:   Driver Version: Unknown (internal:Unknown, unified:Unknown)
[2019.03.16-23.49.58:120][  0]LogD3D11RHI:      Driver Date: Unknown
[2019.03.16-23.49.58:120][  0]LogRHI: Texture pool is 1523 MB (70% of 2176 MB)
[2019.03.16-23.49.58:128][  0]LogD3D11RHI: Async texture creation enabled
[2019.03.16-23.49.58:141][  0]LogD3D11RHI: GPU Timing Frequency: 12.000000 (Debug: 2 0)
[2019.03.16-23.49.58:142][  0]LogShaderCompilers: Guid format shader working directory is -30 characters bigger than the processId version (../../../../../../Users/0dps1/Documents/GitHub/BuildingEscape/BuildingEscape/Intermediate/Shaders/WorkingDirectory/2428/).
[2019.03.16-23.49.58:142][  0]LogShaderCompilers: Cleaned the shader compiler working directory 'C:/Users/0dps1/AppData/Local/Temp/UnrealShaderWorkingDir/07AACB0049C082B4018A7D867D66EC4C/'.
[2019.03.16-23.49.58:394][  0]LogTemp: Display: Loaded TP AllDesktopTargetPlatform
[2019.03.16-23.49.58:409][  0]LogTemp: Display: Loaded TP MacClientTargetPlatform
[2019.03.16-23.49.58:424][  0]LogTemp: Display: Loaded TP MacNoEditorTargetPlatform
[2019.03.16-23.49.58:438][  0]LogTemp: Display: Loaded TP MacServerTargetPlatform
[2019.03.16-23.49.58:453][  0]LogTemp: Display: Loaded TP MacTargetPlatform
[2019.03.16-23.49.58:467][  0]LogTemp: Display: Loaded TP WindowsClientTargetPlatform
[2019.03.16-23.49.58:481][  0]LogTemp: Display: Loaded TP WindowsNoEditorTargetPlatform
[2019.03.16-23.49.58:495][  0]LogTemp: Display: Loaded TP WindowsServerTargetPlatform
[2019.03.16-23.49.58:501][  0]LogTemp: Display: Loaded TP WindowsTargetPlatform
[2019.03.16-23.49.58:513][  0]LogTemp: Display: Loaded TP Android_ASTCTargetPlatform
[2019.03.16-23.49.58:525][  0]LogTemp: Display: Loaded TP Android_ATCTargetPlatform
[2019.03.16-23.49.58:537][  0]LogTemp: Display: Loaded TP Android_DXTTargetPlatform
[2019.03.16-23.49.58:549][  0]LogTemp: Display: Loaded TP Android_ETC1aTargetPlatform
[2019.03.16-23.49.58:561][  0]LogTemp: Display: Loaded TP Android_ETC1TargetPlatform
[2019.03.16-23.49.58:573][  0]LogTemp: Display: Loaded TP Android_ETC2TargetPlatform
[2019.03.16-23.49.58:597][  0]LogTemp: Display: Loaded TP Android_MultiTargetPlatform
[2019.03.16-23.49.58:597][  0]LogTemp: Display: Loaded TP Android_PVRTCTargetPlatform
[2019.03.16-23.49.58:610][  0]LogTemp: Display: Loaded TP AndroidTargetPlatform
[2019.03.16-23.49.58:612][  0]LogTemp: Display: Loaded TP HTML5TargetPlatform
[2019.03.16-23.49.58:650][  0]LogTemp: Display: Loaded TP IOSTargetPlatform
[2019.03.16-23.49.58:662][  0]LogTemp: Display: Loaded TP TVOSTargetPlatform
[2019.03.16-23.49.58:674][  0]LogTemp: Display: Loaded TP LinuxClientTargetPlatform
[2019.03.16-23.49.58:686][  0]LogTemp: Display: Loaded TP LinuxNoEditorTargetPlatform
[2019.03.16-23.49.58:698][  0]LogTemp: Display: Loaded TP LinuxServerTargetPlatform
[2019.03.16-23.49.58:717][  0]LogTemp: Display: Loaded TP LinuxTargetPlatform
[2019.03.16-23.49.58:717][  0]LogTargetPlatformManager: Display: Building Assets For Windows
[2019.03.16-23.49.58:875][  0]LogXGEController: Cleaning working directory: C:/Users/0dps1/AppData/Local/Temp/UnrealXGEWorkingDir/
[2019.03.16-23.49.58:875][  0]LogXGEController: Cannot use XGE Controller as Incredibuild is not installed on this machine.
[2019.03.16-23.49.58:875][  0]LogShaderCompilers: Cannot use XGE Shader Compiler as Incredibuild is not installed on this machine.
[2019.03.16-23.49.58:875][  0]LogShaderCompilers: Display: Using Local Shader Compiler.
[2019.03.16-23.49.59:572][  0]LogDerivedDataCache: Display: Max Cache Size: 512 MB
[2019.03.16-23.49.59:634][  0]LogDerivedDataCache: Loaded boot cache 0.06s 74MB C:/Users/0dps1/AppData/Local/UnrealEngine/4.19/DerivedDataCache/Boot.ddc.
[2019.03.16-23.49.59:635][  0]LogDerivedDataCache: Display: Loaded Boot cache: C:/Users/0dps1/AppData/Local/UnrealEngine/4.19/DerivedDataCache/Boot.ddc
[2019.03.16-23.49.59:635][  0]LogDerivedDataCache: FDerivedDataBackendGraph:  Pak pak cache file ../../../../../../Users/0dps1/Documents/GitHub/BuildingEscape/BuildingEscape/DerivedDataCache/DDC.ddp not found, will not use a pak cache.
[2019.03.16-23.49.59:635][  0]LogDerivedDataCache: Unable to find inner node Pak for hierarchical cache Hierarchy.
[2019.03.16-23.49.59:635][  0]LogDerivedDataCache: FDerivedDataBackendGraph:  CompressedPak pak cache file ../../../../../../Users/0dps1/Documents/GitHub/BuildingEscape/BuildingEscape/DerivedDataCache/Compressed.ddp not found, will not use a pak cache.
[2019.03.16-23.49.59:635][  0]LogDerivedDataCache: Unable to find inner node CompressedPak for hierarchical cache Hierarchy.
[2019.03.16-23.49.59:650][  0]LogDerivedDataCache: Display: Pak cache opened for reading ../../../Engine/DerivedDataCache/Compressed.ddp.
[2019.03.16-23.49.59:662][  0]LogDerivedDataCache: Using Local data cache path C:/Users/0dps1/AppData/Local/UnrealEngine/Common/DerivedDataCache: Writable
[2019.03.16-23.49.59:662][  0]LogDerivedDataCache: Shared data cache path not found in *engine.ini, will not use an Shared cache.
[2019.03.16-23.49.59:662][  0]LogDerivedDataCache: Unable to find inner node Shared for hierarchical cache Hierarchy.
[2019.03.16-23.49.59:672][  0]LogMaterial: Verifying Global Shaders for PCD3D_SM5
[2019.03.16-23.49.59:673][  0]LogSlate: Using Freetype 2.6.0
[2019.03.16-23.49.59:673][  0]LogSlate: SlateFontCache - WITH_FREETYPE: 1, WITH_HARFBUZZ: 1
[2019.03.16-23.49.59:673][  0]LogSlate: SlateFontCache - WITH_FREETYPE: 1, WITH_HARFBUZZ: 1
[2019.03.16-23.49.59:815][  0]LogAssetRegistry: FAssetRegistry took 0.0260 seconds to start up
[2019.03.16-23.50.00:156][  0]LogInit: Selected Device Profile: [Windows]
[2019.03.16-23.50.00:313][  0]LogSimplygon: Simplygon DLL not present - disabling.
[2019.03.16-23.50.00:317][  0]LogMeshReduction: Using SimplygonSwarm for distributed automatic mesh merging
[2019.03.16-23.50.00:317][  0]LogMeshReduction: Using QuadricMeshReduction for automatic static mesh reduction
[2019.03.16-23.50.00:317][  0]LogMeshReduction: No automatic skeletal mesh reduction module available
[2019.03.16-23.50.00:317][  0]LogMeshReduction: No automatic mesh merging module available
[2019.03.16-23.50.00:317][  0]LogMeshMerging: No automatic mesh merging module available
[2019.03.16-23.50.00:353][  0]LogNetVersion: BuildingEscape , NetCL: 3944462, EngineNetVer: 2, GameNetVer: 0 (Checksum: 4285820645)
[2019.03.16-23.50.00:856][  0]LogPackageLocalizationCache: Processed 9 localized package path(s) for 2 prioritized culture(s) in 0.100339 seconds
[2019.03.16-23.50.00:861][  0]LogUObjectArray: 36728 objects as part of root set at end of initial load.
[2019.03.16-23.50.00:861][  0]LogUObjectAllocator: 7314304 out of 0 bytes used by permanent object pool.
[2019.03.16-23.50.00:861][  0]LogUObjectArray: CloseDisregardForGC: 0/0 objects in disregard for GC pool
[2019.03.16-23.50.02:623][  0]LogTcpMessaging: Initializing TcpMessaging bridge
[2019.03.16-23.50.02:661][  0]LogUdpMessaging: Initializing bridge on interface 0.0.0.0:0 to multicast group 230.0.0.1:6666.
[2019.03.16-23.50.03:141][  0]SourceControl: Source control is disabled
[2019.03.16-23.50.03:141][  0]SourceControl: Source control is disabled
[2019.03.16-23.50.03:165][  0]SourceControl: Source control is disabled
[2019.03.16-23.50.03:189][  0]SourceControl: Source control is disabled
[2019.03.16-23.50.03:811][  0]LogAndroidPermission: UAndroidPermissionCallbackProxy::GetInstance
[2019.03.16-23.50.03:999][  0]LogOcInput: OculusInput pre-init called
[2019.03.16-23.50.04:129][  0]LogEngine: Initializing Engine...
[2019.03.16-23.50.04:130][  0]LogHMD: Failed to initialize OpenVR with code 110
[2019.03.16-23.50.04:132][  0]LogStats: UGameplayTagsManager::ConstructGameplayTagTree: Construct from data asset -  0.000 s
[2019.03.16-23.50.04:132][  0]LogStats: UGameplayTagsManager::ConstructGameplayTagTree: GameplayTagTreeChangedEvent.Broadcast -  0.000 s
[2019.03.16-23.50.04:343][  0]LogAIModule: Creating AISystem for world Untitled
[2019.03.16-23.50.04:362][  0]LogInit: XAudio2 using 'Speakers / Headphones (Realtek Audio)' : 2 channels at 48 kHz using 32 bits per sample (channel mask 0x3)
[2019.03.16-23.50.04:597][  0]LogInit: FAudioDevice initialized.
[2019.03.16-23.50.04:731][  0]LogDerivedDataCache: Saved boot cache 0.13s 74MB C:/Users/0dps1/AppData/Local/UnrealEngine/4.19/DerivedDataCache/Boot.ddc.
[2019.03.16-23.50.04:747][  0]LogInit: Texture streaming: Enabled
[2019.03.16-23.50.04:768][  0]LogEngineSessionManager: EngineSessionManager initialized
[2019.03.16-23.50.04:785][  0]LogInit: Transaction tracking system initialized
[2019.03.16-23.50.04:816][  0]BlueprintLog: New page: Editor Load
[2019.03.16-23.50.04:918][  0]LocalizationService: Localization service is disabled
[2019.03.16-23.50.05:041][  0]LogConsoleResponse: Display: 
[2019.03.16-23.50.05:217][  0]LogCook: Display: Max memory allowance for cook 16384mb min free memory 0mb
[2019.03.16-23.50.05:217][  0]LogCook: Display: Mobile HDR setting 1
[2019.03.16-23.50.05:217][  0]LogGameplayTags: Display: UGameplayTagsManager::DoneAddingNativeTags. DelegateIsBound: 0
[2019.03.16-23.50.05:217][  0]LogStats: UGameplayTagsManager::ConstructGameplayTagTree: Construct from data asset -  0.000 s
[2019.03.16-23.50.05:217][  0]LogStats: UGameplayTagsManager::ConstructGameplayTagTree: GameplayTagTreeChangedEvent.Broadcast -  0.000 s
[2019.03.16-23.50.05:753][  0]LogFileCache: Scanning file cache for directory 'C:/Users/0dps1/Documents/GitHub/BuildingEscape/BuildingEscape/Content/' took 0.02s
[2019.03.16-23.50.05:753][  0]SourceControl: Source control is disabled
[2019.03.16-23.50.05:753][  0]Cmd: MAP LOAD FILE="../../../../../../Users/0dps1/Documents/GitHub/BuildingEscape/BuildingEscape/Content/NewMap.umap" TEMPLATE=0 SHOWPROGRESS=1 FEATURELEVEL=3
[2019.03.16-23.50.05:754][  0]LightingResults: New page: Lighting Build
[2019.03.16-23.50.05:758][  0]MapCheck: New page: Map Check
[2019.03.16-23.50.05:758][  0]LightingResults: New page: Lighting Build
[2019.03.16-23.50.05:969][  0]LogAIModule: Creating AISystem for world NewMap
[2019.03.16-23.50.05:975][  0]LogEditorServer: Finished looking for orphan Actors (0.000 secs)
[2019.03.16-23.50.05:994][  0]Cmd: MAP CHECKDEP NOCLEARLOG
[2019.03.16-23.50.06:081][  0]MapCheck: Map check complete: 0 Error(s), 0 Warning(s), took 86.218ms to complete.
[2019.03.16-23.50.06:081][  0]LogFileHelpers: Loading map 'NewMap' took 0.328
[2019.03.16-23.50.06:239][  0]LogCollectionManager: Loaded 0 collections in 0.003636 seconds
[2019.03.16-23.50.06:283][  0]LogFileCache: Scanning file cache for directory 'C:/Users/0dps1/Documents/GitHub/BuildingEscape/BuildingEscape/Saved/Collections/' took 0.01s
[2019.03.16-23.50.06:283][  0]LogFileCache: Scanning file cache for directory 'C:/Users/0dps1/Documents/GitHub/BuildingEscape/BuildingEscape/Content/Developers/0dps1/Collections/' took 0.01s
[2019.03.16-23.50.06:283][  0]LogFileCache: Scanning file cache for directory 'C:/Users/0dps1/Documents/GitHub/BuildingEscape/BuildingEscape/Content/Collections/' took 0.01s
[2019.03.16-23.50.06:283][  0]LogCollectionManager: Rebuilt the GUID cache for 0 collections in 0.000000 seconds
[2019.03.16-23.50.06:294][  0]LogContentBrowser: Native class hierarchy populated in 0.0101 seconds. Added 2453 classes and 560 folders.
[2019.03.16-23.50.06:307][  0]LogContentBrowser: Native class hierarchy updated for 'WidgetCarousel' in 0.0009 seconds. Added 0 classes and 0 folders.
[2019.03.16-23.50.06:367][  0]LogContentBrowser: Native class hierarchy updated for 'AddContentDialog' in 0.0009 seconds. Added 0 classes and 0 folders.
[2019.03.16-23.50.06:374][  0]LogContentBrowser: Native class hierarchy updated for 'SceneOutliner' in 0.0010 seconds. Added 1 classes and 2 folders.
[2019.03.16-23.50.06:394][  0]LogSlate: Took 0.000272 seconds to synchronously load lazily loaded font '../../../Engine/Content/Slate/Fonts/Roboto-Regular.ttf' (155K)
[2019.03.16-23.50.06:400][  0]LogSlate: Took 0.000290 seconds to synchronously load lazily loaded font '../../../Engine/Content/Slate/Fonts/Roboto-Bold.ttf' (160K)
[2019.03.16-23.50.06:407][  0]LogSlate: Took 0.000245 seconds to synchronously load lazily loaded font '../../../Engine/Content/Editor/Slate/Fonts/FontAwesome.ttf' (139K)
[2019.03.16-23.50.06:530][  0]LogRenderer: Reallocating scene render targets to support 804x392 Format 10 NumSamples 1 (Frame:1).
[2019.03.16-23.50.07:813][  0]LogSlate: Took 0.000171 seconds to synchronously load lazily loaded font '../../../Engine/Content/Slate/Fonts/Roboto-Light.ttf' (167K)
[2019.03.16-23.50.07:941][  0]LogContentBrowser: Native class hierarchy updated for 'HierarchicalLODOutliner' in 0.0010 seconds. Added 0 classes and 0 folders.
[2019.03.16-23.50.07:941][  0]LogLoad: (Engine Initialization) Total time: 14.25 seconds
[2019.03.16-23.50.07:941][  0]LogLoad: (Engine Initialization) Total Blueprint compile time: 0.00 seconds
[2019.03.16-23.50.07:959][  0]LogWindowsTextInputMethodSystem: Display: IME system now deactivated.
[2019.03.16-23.50.07:977][  0]LogContentStreaming: Texture pool size now 1000 MB
[2019.03.16-23.50.08:004][  1]LogAssetRegistry: Asset discovery search completed in 8.2111 seconds
[2019.03.16-23.50.08:007][  1]LogCollectionManager: Rebuilt the object cache for 0 collections in 0.000001 seconds (found 0 objects)
[2019.03.16-23.50.08:007][  1]LogCollectionManager: Fixed up redirectors for 0 collections in 0.000067 seconds (updated 0 objects)
[2019.03.16-23.50.24:886][219]LogSlate: FSceneViewport::OnFocusLost() reason 2
[2019.03.16-23.50.28:904][455]LogSlate: FSceneViewport::OnFocusLost() reason 2
[2019.03.16-23.50.28:932][455]LogSlate: Took 0.000273 seconds to synchronously load lazily loaded font '../../../Engine/Content/Slate/Fonts/Roboto-Light.ttf' (167K)
[2019.03.16-23.50.28:996][455]LogSlate: FSceneViewport::OnFocusLost() reason 2
[2019.03.16-23.50.30:948][522]LogSlate: Window 'Class Viewer' being destroyed
[2019.03.16-23.50.32:336][605]LogSlate: FSceneViewport::OnFocusLost() reason 2
[2019.03.16-23.52.26:271][421]LogEditorViewport: Clicking on Actor (LMB): StaticMeshActor (SM_Chair)
[2019.03.16-23.52.27:117][425]Cmd: CAMERA ALIGN ACTIVEVIEWPORTONLY
[2019.03.16-23.52.38:058][707]LogSlate: FSceneViewport::OnFocusLost() reason 2
[2019.03.16-23.52.49:285][ 21]LogSlate: FSceneViewport::OnFocusLost() reason 2
[2019.03.16-23.52.51:493][147]LogSlate: FSceneViewport::OnFocusLost() reason 2
[2019.03.16-23.52.51:525][147]LogSlate: Took 0.008516 seconds to synchronously load lazily loaded font '../../../Engine/Content/Slate/Fonts/Roboto-BoldCondensed.ttf' (158K)
[2019.03.16-23.53.36:110][147]Running C:/Program Files/Epic Games/UE_4.19/Engine/Binaries/DotNET/UnrealBuildTool.exe  -projectfiles -project="C:/Users/0dps1/Documents/GitHub/BuildingEscape/BuildingEscape/BuildingEscape.uproject" -game -rocket -progress
[2019.03.16-23.53.36:417][147]Discovering modules, targets and source code for project...
[2019.03.16-23.53.44:908][147]LogVSAccessor: Warning: Couldn't access Visual Studio
[2019.03.16-23.53.44:919][147]Candidate modules for hot reload:
[2019.03.16-23.53.44:919][147]  BuildingEscape
[2019.03.16-23.53.44:920][147]Launching UnrealBuildTool... [C:/Program Files/Epic Games/UE_4.19/Engine/Binaries/DotNET/UnrealBuildTool.exe BuildingEscape -ModuleWithSuffix=BuildingEscape,6221 Win64 Development -editorrecompile -canskiplink "C:/Users/0dps1/Documents/GitHub/BuildingEscape/BuildingEscape/BuildingEscape.uproject" ]
[2019.03.16-23.54.06:459][147]CompilerResultsLog: New page: Compilation - Mar 16, 2019, 11:54:06 AM
[2019.03.16-23.54.06:460][147]CompilerResultsLog: Performing full C++ include scan (hot reloading a new target)
[2019.03.16-23.54.06:460][147]CompilerResultsLog: Using 'git status' to determine working set for adaptive non-unity build.
[2019.03.16-23.54.06:460][147]CompilerResultsLog: Creating makefile for hot reloading BuildingEscape (no existing makefile)
[2019.03.16-23.54.06:460][147]CompilerResultsLog: Compiling game modules for hot reload
[2019.03.16-23.54.06:460][147]CompilerResultsLog: Parsing headers for BuildingEscapeEditor
[2019.03.16-23.54.06:460][147]CompilerResultsLog:   Running UnrealHeaderTool "C:\Users\0dps1\Documents\GitHub\BuildingEscape\BuildingEscape\BuildingEscape.uproject" "C:\Users\0dps1\Documents\GitHub\BuildingEscape\BuildingEscape\Intermediate\Build\Win64\BuildingEscapeEditor\Development\BuildingEscapeEditor.uhtmanifest" -LogCmds="loginit warning, logexit warning, logdatabase error" -Unattended -WarningsAsErrors -installed
[2019.03.16-23.54.06:460][147]CompilerResultsLog: Reflection code generated for BuildingEscapeEditor in 9.8697623 seconds
[2019.03.16-23.54.06:460][147]CompilerResultsLog: Performing 5 actions (2 in parallel)
[2019.03.16-23.54.06:460][147]CompilerResultsLog: PositionReport.cpp
[2019.03.16-23.54.06:460][147]CompilerResultsLog: BuildingEscape.init.gen.cpp
[2019.03.16-23.54.06:460][147]CompilerResultsLog: PositionReport.gen.cpp
[2019.03.16-23.54.06:460][147]CompilerResultsLog: [4/5] Link UE4Editor-BuildingEscape-6221.dll
[2019.03.16-23.54.06:460][147]CompilerResultsLog: [5/5] Link UE4Editor-BuildingEscape-6221.lib
[2019.03.16-23.54.06:460][147]CompilerResultsLog:    Creating library C:\Users\0dps1\Documents\GitHub\BuildingEscape\BuildingEscape\Intermediate\Build\Win64\UE4Editor\Development\UE4Editor-BuildingEscape-6221.lib and object C:\Users\0dps1\Documents\GitHub\BuildingEscape\BuildingEscape\Intermediate\Build\Win64\UE4Editor\Development\UE4Editor-BuildingEscape-6221.exp
[2019.03.16-23.54.06:460][147]CompilerResultsLog:    Creating library C:\Users\0dps1\Documents\GitHub\BuildingEscape\BuildingEscape\Intermediate\Build\Win64\UE4Editor\Development\UE4Editor-BuildingEscape-6221.suppressed.lib and object C:\Users\0dps1\Documents\GitHub\BuildingEscape\BuildingEscape\Intermediate\Build\Win64\UE4Editor\Development\UE4Editor-BuildingEscape-6221.suppressed.exp
[2019.03.16-23.54.06:460][147]CompilerResultsLog: Total build time: 21.29 seconds (Local executor: 2.33 seconds)
[2019.03.16-23.54.06:461][147]LogMainFrame: MainFrame: Module compiling took 21.552 seconds
[2019.03.16-23.54.06:493][147]LogClass: Could not find existing class PositionReport in package /Script/BuildingEscape for HotReload, assuming new class
[2019.03.16-23.54.06:495][147]LogContentBrowser: Native class hierarchy updated for 'BuildingEscape' in 0.0010 seconds. Added 2 classes and 2 folders.
[2019.03.16-23.54.06:497][147]Display: HotReload successful (0 functions remapped  0 scriptstructs remapped)
[2019.03.16-23.54.06:578][147]LogContentBrowser: Native class hierarchy populated in 0.0093 seconds. Added 2455 classes and 562 folders.
[2019.03.16-23.54.06:583][147]Display: HotReload took 21.7s.
[2019.03.16-23.54.06:585][147]Warning: HotReload operation took 21.7s.
[2019.03.16-23.54.06:614][147]LogSlate: Window 'Add C++ Component' being destroyed
[2019.03.16-23.54.06:646][147]LogHotReload: New module detected: UE4Editor-BuildingEscape-6221.dll
[2019.03.16-23.54.06:679][147]LogSlate: FSceneViewport::OnFocusLost() reason 2
[2019.03.16-23.54.06:730][148]LogHotReload: Starting Hot-Reload from IDE
[2019.03.16-23.54.06:789][148]LogContentBrowser: Native class hierarchy updated for 'BuildingEscape' in 0.0010 seconds. Added 2 classes and 2 folders.
[2019.03.16-23.54.06:791][148]Display: HotReload successful (0 functions remapped  0 scriptstructs remapped)
[2019.03.16-23.54.06:821][148]LogContentBrowser: Native class hierarchy populated in 0.0121 seconds. Added 2455 classes and 562 folders.
[2019.03.16-23.54.06:824][148]Display: HotReload took  0.1s.
[2019.03.16-23.54.39:145][184]LogVSAccessor: Warning: Couldn't goto line number '1' in 'C:/Users/0dps1/Documents/GitHub/BuildingEscape/BuildingEscape/Source/BuildingEscape/PositionReport.h'
[2019.03.16-23.54.39:151][184]LogVSAccessor: Warning: Couldn't open file 'C:/Users/0dps1/Documents/GitHub/BuildingEscape/BuildingEscape/Source/BuildingEscape/PositionReport.cpp'.
[2019.03.16-23.55.00:361][244]LogEditorViewport: Clicking on Actor (LMB): StaticMeshActor (Floor)
[2019.03.16-23.58.17:585][880]LogSlate: FSceneViewport::OnFocusLost() reason 2
[2019.03.16-23.58.18:886][941]LogSlate: FSceneViewport::OnFocusLost() reason 2
[2019.03.16-23.58.20:835][941]LogSlate: Only BGRA pngs, bmps or icos are supported in by External Image Picker
[2019.03.16-23.58.21:089][942]LogTemp: Executing iPhonePackager certificates Engine -bundlename com.YourCompany.BuildingEscape
[2019.03.16-23.58.21:090][942]LogTemp: CWD: C:\Program Files\Epic Games\UE_4.19\Engine\Binaries\DotNET\IOS
[2019.03.16-23.58.21:090][942]LogTemp: Initial Dir: C:\Program Files\Epic Games\UE_4.19
[2019.03.16-23.58.21:090][942]LogTemp: Env CWD: C:\Program Files\Epic Games\UE_4.19\Engine\Binaries\DotNET\IOS
[2019.03.16-23.58.21:090][942]LogTemp: BranchPath = DESKTOP-E4ITIIF/C/Program Files/Epic Games/UE_4.19/Engine/Binaries --- GameBranchPath = DESKTOP-E4ITIIF/C/Program Files/Epic Games/UE_4.19/Engine/Binaries
[2019.03.16-23.58.21:300][943]LogTemp: IPP ERROR: Could not find provision directory 'C:\Users\0dps1\AppData\Local/Apple Computer/MobileDevice/Provisioning Profiles/'.
[2019.03.17-00.00.26:643][611]LogSlate: Window 'Project Settings' being destroyed
[2019.03.17-00.00.26:656][611]LogSlate: Window 'Project Settings' being destroyed
[2019.03.17-00.00.27:703][637]LogSlate: FSceneViewport::OnFocusLost() reason 2
[2019.03.17-00.00.29:601][722]LogSlate: FSceneViewport::OnFocusLost() reason 2
[2019.03.17-00.00.29:786][722]Cmd: OBJ SAVEPACKAGE PACKAGE="/Game/NewMap" FILE="../../../../../../Users/0dps1/Documents/GitHub/BuildingEscape/BuildingEscape/Content/NewMap.umap" SILENT=true AUTOSAVING=false KEEPDIRTY=false
[2019.03.17-00.00.29:921][722]LogSavePackage: Save=71.63ms
[2019.03.17-00.00.29:921][722]LogSavePackage: Moving '../../../../../../Users/0dps1/Documents/GitHub/BuildingEscape/BuildingEscape/Saved/NewMap0D38FCC74E477DA8CA1DE0A66DF20A4F.tmp' to '../../../../../../Users/0dps1/Documents/GitHub/BuildingEscape/BuildingEscape/Content/NewMap.umap'
[2019.03.17-00.00.29:944][722]LogSavePackage: Display: Finished SavePackage ../../../../../../Users/0dps1/Documents/GitHub/BuildingEscape/BuildingEscape/Content/NewMap.umap
[2019.03.17-00.00.30:057][722]LogFileHelpers: Saving map 'NewMap' took 0.439
[2019.03.17-00.05.51:704][735]LogSlate: FSceneViewport::OnFocusLost() reason 0
[2019.03.17-00.05.51:886][740]LogSlate: Window 'BuildingEscape - Unreal Editor' being destroyed
[2019.03.17-00.05.52:188][741]Cmd: QUIT_EDITOR
[2019.03.17-00.05.52:218][741]LogWindowsTextInputMethodSystem: Display: IME system now deactivated.
[2019.03.17-00.05.52:233][741]LogSlate: Slate User Destroyed.  User Index 0, Is Virtual User: 0
[2019.03.17-00.05.52:234][741]LogExit: Preparing to exit.
[2019.03.17-00.05.53:172][741]LogDirectoryWatcher: A directory notification for 'C:/Users/0dps1/Documents/GitHub/BuildingEscape/BuildingEscape/Content/' was aborted.
[2019.03.17-00.05.53:186][741]LogExit: Editor shut down
[2019.03.17-00.05.53:190][741]LogExit: Transaction tracking system shut down
[2019.03.17-00.05.53:348][741]LogDirectoryWatcher: A directory notification for '../../../Engine/Content/' was aborted.
[2019.03.17-00.05.53:348][741]LogDirectoryWatcher: A directory notification for '../../../../../../Users/0dps1/Documents/GitHub/BuildingEscape/BuildingEscape/Content/' was aborted.
[2019.03.17-00.05.53:348][741]LogDirectoryWatcher: A directory notification for '../../Plugins/2D/Paper2D/Content/' was aborted.
[2019.03.17-00.05.53:348][741]LogDirectoryWatcher: A directory notification for '../../Plugins/Enterprise/DatasmithContent/Content/' was aborted.
[2019.03.17-00.05.53:348][741]LogDirectoryWatcher: A directory notification for '../../Plugins/Media/MediaCompositing/Content/' was aborted.
[2019.03.17-00.05.53:349][741]LogDirectoryWatcher: A directory notification for '../../Plugins/Runtime/AppleARKit/Content/' was aborted.
[2019.03.17-00.05.53:349][741]LogDirectoryWatcher: A directory notification for '../../Plugins/Runtime/Oculus/OculusVR/Content/' was aborted.
[2019.03.17-00.05.53:349][741]LogDirectoryWatcher: A directory notification for '../../Plugins/Runtime/Steam/SteamVR/Content/' was aborted.
[2019.03.17-00.05.53:420][741]LogExit: Object subsystem successfully closed.
[2019.03.17-00.05.53:434][741]LogShaderCompilers: Display: Shaders left to compile 0
[2019.03.17-00.05.53:438][741]LogD3D11RHI: Shutdown
[2019.03.17-00.05.53:438][741]LogD3D11RHI: CleanupD3DDevice
[2019.03.17-00.05.53:473][741]LogD3D11RHI: ~FD3D11DynamicRHI
[2019.03.17-00.05.53:501][741]LogModuleManager: Shutting down and abandoning module ExternalImagePicker (580)
[2019.03.17-00.05.53:501][741]LogModuleManager: Shutting down and abandoning module BuildingEscape (578)
[2019.03.17-00.05.53:501][741]LogModuleManager: Shutting down and abandoning module HierarchicalLODOutliner (576)
[2019.03.17-00.05.53:501][741]LogModuleManager: Shutting down and abandoning module DesktopPlatform (574)
[2019.03.17-00.05.53:501][741]LogModuleManager: Shutting down and abandoning module SceneOutliner (572)
[2019.03.17-00.05.53:501][741]LogModuleManager: Shutting down and abandoning module AddContentDialog (570)
[2019.03.17-00.05.53:501][741]LogDirectoryWatcher: A directory notification for 'C:/Program Files/Epic Games/UE_4.19/FeaturePacks/' was aborted.
[2019.03.17-00.05.53:502][741]LogModuleManager: Shutting down and abandoning module WidgetCarousel (569)
[2019.03.17-00.05.53:502][741]LogModuleManager: Shutting down and abandoning module EditorWidgets (566)
[2019.03.17-00.05.53:502][741]LogModuleManager: Shutting down and abandoning module CollectionManager (564)
[2019.03.17-00.05.53:502][741]LogDirectoryWatcher: A directory notification for 'C:/Users/0dps1/Documents/GitHub/BuildingEscape/BuildingEscape/Content/Collections/' was aborted.
[2019.03.17-00.05.53:502][741]LogDirectoryWatcher: A directory notification for 'C:/Users/0dps1/Documents/GitHub/BuildingEscape/BuildingEscape/Content/Developers/0dps1/Collections/' was aborted.
[2019.03.17-00.05.53:502][741]LogDirectoryWatcher: A directory notification for 'C:/Users/0dps1/Documents/GitHub/BuildingEscape/BuildingEscape/Saved/Collections/' was aborted.
[2019.03.17-00.05.53:502][741]LogModuleManager: Shutting down and abandoning module StatsViewer (562)
[2019.03.17-00.05.53:502][741]LogModuleManager: Shutting down and abandoning module FoliageEdit (560)
[2019.03.17-00.05.53:502][741]LogModuleManager: Shutting down and abandoning module LandscapeEditor (558)
[2019.03.17-00.05.53:502][741]LogModuleManager: Shutting down and abandoning module MeshPaintMode (556)
[2019.03.17-00.05.53:503][741]LogModuleManager: Shutting down and abandoning module SceneDepthPickerMode (554)
[2019.03.17-00.05.53:503][741]LogModuleManager: Shutting down and abandoning module ActorPickerMode (552)
[2019.03.17-00.05.53:503][741]LogModuleManager: Shutting down and abandoning module GeometryMode (550)
[2019.03.17-00.05.53:503][741]LogModuleManager: Shutting down and abandoning module TextureAlignMode (548)
[2019.03.17-00.05.53:503][741]LogModuleManager: Shutting down and abandoning module BspMode (546)
[2019.03.17-00.05.53:503][741]LogModuleManager: Shutting down and abandoning module PIEPreviewDeviceProfileSelector (544)
[2019.03.17-00.05.53:503][741]LogModuleManager: Shutting down and abandoning module HardwareSurvey (542)
[2019.03.17-00.05.53:503][741]LogModuleManager: Shutting down and abandoning module SequenceRecorderSections (540)
[2019.03.17-00.05.53:503][741]LogModuleManager: Shutting down and abandoning module AutomationWorker (538)
[2019.03.17-00.05.53:503][741]LogModuleManager: Shutting down and abandoning module AudioCaptureEditor (536)
[2019.03.17-00.05.53:503][741]LogModuleManager: Shutting down and abandoning module SequenceRecorder (535)
[2019.03.17-00.05.53:503][741]LogModuleManager: Shutting down and abandoning module MatineeToLevelSequence (532)
[2019.03.17-00.05.53:503][741]LogModuleManager: Shutting down and abandoning module LevelSequenceEditor (530)
[2019.03.17-00.05.53:503][741]LogModuleManager: Shutting down and abandoning module PlacementMode (529)
[2019.03.17-00.05.53:503][741]LogModuleManager: Shutting down and abandoning module MaterialEditor (528)
[2019.03.17-00.05.53:503][741]LogModuleManager: Shutting down and abandoning module WmfMediaFactory (524)
[2019.03.17-00.05.53:503][741]LogModuleManager: Shutting down and abandoning module WmfMediaEditor (522)
[2019.03.17-00.05.53:503][741]LogModuleManager: Shutting down and abandoning module MediaPlayerEditor (520)
[2019.03.17-00.05.53:503][741]LogModuleManager: Shutting down and abandoning module OpenExrWrapper (518)
[2019.03.17-00.05.53:503][741]LogModuleManager: Shutting down and abandoning module ImgMediaFactory (516)
[2019.03.17-00.05.53:503][741]LogModuleManager: Shutting down and abandoning module ImgMediaEditor (514)
[2019.03.17-00.05.53:503][741]LogModuleManager: Shutting down and abandoning module AvfMediaFactory (512)
[2019.03.17-00.05.53:503][741]LogModuleManager: Shutting down and abandoning module AvfMediaEditor (510)
[2019.03.17-00.05.53:503][741]LogModuleManager: Shutting down and abandoning module AndroidMediaFactory (508)
[2019.03.17-00.05.53:504][741]LogModuleManager: Shutting down and abandoning module AndroidMediaEditor (506)
[2019.03.17-00.05.53:504][741]LogModuleManager: Shutting down and abandoning module CharacterAI (504)
[2019.03.17-00.05.53:504][741]LogModuleManager: Shutting down and abandoning module SmartSnapping (502)
[2019.03.17-00.05.53:504][741]LogModuleManager: Shutting down and abandoning module SessionServices (500)
[2019.03.17-00.05.53:504][741]LogModuleManager: Shutting down and abandoning module ViewportSnapping (498)
[2019.03.17-00.05.53:504][741]LogModuleManager: Shutting down and abandoning module ViewportInteraction (496)
[2019.03.17-00.05.53:504][741]LogModuleManager: Shutting down and abandoning module ClothPainter (494)
[2019.03.17-00.05.53:504][741]LogModuleManager: Shutting down and abandoning module SkeletalMeshEditor (493)
[2019.03.17-00.05.53:504][741]LogModuleManager: Shutting down and abandoning module LogVisualizer (490)
[2019.03.17-00.05.53:504][741]LogModuleManager: Shutting down and abandoning module IntroTutorials (488)
[2019.03.17-00.05.53:504][741]LogModuleManager: Shutting down and abandoning module GameProjectGeneration (487)
[2019.03.17-00.05.53:504][741]LogModuleManager: Shutting down and abandoning module IOSPlatformEditor (484)
[2019.03.17-00.05.53:504][741]LogModuleManager: Shutting down and abandoning module HTML5PlatformEditor (482)
[2019.03.17-00.05.53:504][741]LogModuleManager: Shutting down and abandoning module AndroidPlatformEditor (480)
[2019.03.17-00.05.53:504][741]LogModuleManager: Shutting down and abandoning module AndroidDeviceDetection (479)
[2019.03.17-00.05.53:530][741]LogModuleManager: Shutting down and abandoning module WindowsPlatformEditor (476)
[2019.03.17-00.05.53:530][741]LogModuleManager: Shutting down and abandoning module IOSRuntimeSettings (474)
[2019.03.17-00.05.53:530][741]LogModuleManager: Shutting down and abandoning module AndroidRuntimeSettings (472)
[2019.03.17-00.05.53:531][741]LogModuleManager: Shutting down and abandoning module InputBindingEditor (470)
[2019.03.17-00.05.53:531][741]LogModuleManager: Shutting down and abandoning module MergeActors (468)
[2019.03.17-00.05.53:531][741]LogModuleManager: Shutting down and abandoning module LocalizationDashboard (466)
[2019.03.17-00.05.53:531][741]LogModuleManager: Shutting down and abandoning module LocalizationService (465)
[2019.03.17-00.05.53:531][741]LogModuleManager: Shutting down and abandoning module HardwareTargeting (462)
[2019.03.17-00.05.53:531][741]LogModuleManager: Shutting down and abandoning module DeviceProfileEditor (460)
[2019.03.17-00.05.53:531][741]LogModuleManager: Shutting down and abandoning module UndoHistory (458)
[2019.03.17-00.05.53:531][741]LogModuleManager: Shutting down and abandoning module XmlParser (456)
[2019.03.17-00.05.53:531][741]LogModuleManager: Shutting down and abandoning module Blutility (454)
[2019.03.17-00.05.53:531][741]LogModuleManager: Shutting down and abandoning module ProjectSettingsViewer (452)
[2019.03.17-00.05.53:531][741]LogModuleManager: Shutting down and abandoning module ProjectTargetPlatformEditor (451)
[2019.03.17-00.05.53:531][741]LogModuleManager: Shutting down and abandoning module EditorSettingsViewer (448)
[2019.03.17-00.05.53:531][741]LogModuleManager: Shutting down and abandoning module SettingsEditor (446)
[2019.03.17-00.05.53:531][741]LogModuleManager: Shutting down and abandoning module ProjectLauncher (444)
[2019.03.17-00.05.53:531][741]LogModuleManager: Shutting down and abandoning module SessionFrontend (442)
[2019.03.17-00.05.53:531][741]LogModuleManager: Shutting down and abandoning module ProfilerClient (440)
[2019.03.17-00.05.53:531][741]LogModuleManager: Shutting down and abandoning module DeviceManager (438)
[2019.03.17-00.05.53:531][741]LogModuleManager: Shutting down and abandoning module TargetDeviceServices (437)
[2019.03.17-00.05.53:585][741]LogModuleManager: Shutting down and abandoning module AutomationController (434)
[2019.03.17-00.05.53:585][741]LogModuleManager: Shutting down and abandoning module AutomationWindow (432)
[2019.03.17-00.05.53:585][741]LogModuleManager: Shutting down and abandoning module Layers (430)
[2019.03.17-00.05.53:585][741]LogModuleManager: Shutting down and abandoning module ComponentVisualizers (428)
[2019.03.17-00.05.53:585][741]LogModuleManager: Shutting down and abandoning module DetailCustomizations (426)
[2019.03.17-00.05.53:585][741]LogModuleManager: Shutting down and abandoning module PackagesDialog (424)
[2019.03.17-00.05.53:585][741]LogModuleManager: Shutting down and abandoning module Persona (422)
[2019.03.17-00.05.53:585][741]LogModuleManager: Shutting down and abandoning module AdvancedPreviewScene (421)
[2019.03.17-00.05.53:585][741]LogModuleManager: Shutting down and abandoning module AnimGraph (419)
[2019.03.17-00.05.53:585][741]LogModuleManager: Shutting down and abandoning module Kismet (416)
[2019.03.17-00.05.53:585][741]LogModuleManager: Shutting down and abandoning module GraphEditor (414)
[2019.03.17-00.05.53:586][741]LogModuleManager: Shutting down and abandoning module ClassViewer (412)
[2019.03.17-00.05.53:587][741]LogModuleManager: Shutting down and abandoning module Toolbox (410)
[2019.03.17-00.05.53:587][741]LogModuleManager: Shutting down and abandoning module ModuleUI (408)
[2019.03.17-00.05.53:587][741]LogModuleManager: Shutting down and abandoning module MovieSceneTools (406)
[2019.03.17-00.05.53:587][741]LogModuleManager: Shutting down and abandoning module OutputLog (404)
[2019.03.17-00.05.53:587][741]LogModuleManager: Shutting down and abandoning module GammaUI (402)
[2019.03.17-00.05.53:587][741]LogModuleManager: Shutting down and abandoning module Documentation (400)
[2019.03.17-00.05.53:587][741]LogModuleManager: Shutting down and abandoning module MovieSceneTracks (398)
[2019.03.17-00.05.53:587][741]LogModuleManager: Shutting down and abandoning module MovieScene (396)
[2019.03.17-00.05.53:587][741]LogModuleManager: Shutting down and abandoning module StreamingPauseRendering (394)
[2019.03.17-00.05.53:587][741]LogModuleManager: Shutting down and abandoning module LauncherPlatform (392)
[2019.03.17-00.05.53:587][741]LogModuleManager: Shutting down and abandoning module AnalyticsET (390)
[2019.03.17-00.05.53:587][741]LogModuleManager: Shutting down and abandoning module PortalServices (388)
[2019.03.17-00.05.53:587][741]LogModuleManager: Shutting down and abandoning module PortalRpc (386)
[2019.03.17-00.05.53:587][741]LogModuleManager: Shutting down and abandoning module MessagingRpc (384)
[2019.03.17-00.05.53:587][741]LogModuleManager: Shutting down and abandoning module AIModule (382)
[2019.03.17-00.05.53:587][741]LogModuleManager: Shutting down and abandoning module GameplayDebugger (381)
[2019.03.17-00.05.53:587][741]LogModuleManager: Shutting down and abandoning module AITestSuite (379)
[2019.03.17-00.05.53:587][741]LogModuleManager: Shutting down and abandoning module ProfilerService (376)
[2019.03.17-00.05.53:806][741]LogModuleManager: Shutting down and abandoning module TaskGraph (374)
[2019.03.17-00.05.53:806][741]LogModuleManager: Shutting down and abandoning module SteamVRController (372)
[2019.03.17-00.05.53:806][741]LogModuleManager: Shutting down and abandoning module ProceduralMeshComponentEditor (370)
[2019.03.17-00.05.53:806][741]LogModuleManager: Shutting down and abandoning module ProceduralMeshComponent (368)
[2019.03.17-00.05.53:806][741]LogModuleManager: Shutting down and abandoning module OculusInput (366)
[2019.03.17-00.05.53:807][741]LogModuleManager: Shutting down and abandoning module MobilePatchingUtils (364)
[2019.03.17-00.05.53:807][741]LogModuleManager: Shutting down and abandoning module CustomMeshComponent (362)
[2019.03.17-00.05.53:807][741]LogModuleManager: Shutting down and abandoning module CableComponent (360)
[2019.03.17-00.05.53:807][741]LogModuleManager: Shutting down and abandoning module AudioCapture (358)
[2019.03.17-00.05.53:807][741]LogModuleManager: Shutting down and abandoning module ArchVisCharacter (356)
[2019.03.17-00.05.53:808][741]LogModuleManager: Shutting down and abandoning module AndroidPermission (354)
[2019.03.17-00.05.53:808][741]LogModuleManager: Shutting down and abandoning module NUTUnrealEngine4 (350)
[2019.03.17-00.05.53:808][741]LogModuleManager: Shutting down and abandoning module NetcodeUnitTest (348)
[2019.03.17-00.05.53:808][741]LogModuleManager: Shutting down and abandoning module MediaCompositingEditor (346)
[2019.03.17-00.05.53:808][741]LogModuleManager: Shutting down and abandoning module MediaCompositing (344)
[2019.03.17-00.05.53:808][741]LogModuleManager: Shutting down and abandoning module LinearTimecode (342)
[2019.03.17-00.05.53:808][741]LogModuleManager: Shutting down and abandoning module ImgMedia (340)
[2019.03.17-00.05.53:812][741]LogModuleManager: Shutting down and abandoning module HTML5Networking (338)
[2019.03.17-00.05.53:812][741]LogModuleManager: Shutting down and abandoning module AlembicImporter (336)
[2019.03.17-00.05.53:812][741]LogModuleManager: Shutting down and abandoning module AlembicLibrary (335)
[2019.03.17-00.05.53:812][741]LogModuleManager: Shutting down and abandoning module GeometryCache (334)
[2019.03.17-00.05.53:812][741]LogModuleManager: Shutting down and abandoning module GeometryCacheEd (333)
[2019.03.17-00.05.53:812][741]LogModuleManager: Shutting down and abandoning module DatasmithContent (328)
[2019.03.17-00.05.53:812][741]LogModuleManager: Shutting down and abandoning module SpeedTreeImporter (326)
[2019.03.17-00.05.53:812][741]LogModuleManager: Shutting down and abandoning module PluginBrowser (324)
[2019.03.17-00.05.53:812][741]LogModuleManager: Shutting down and abandoning module MobileLauncherProfileWizard (322)
[2019.03.17-00.05.53:812][741]LogModuleManager: Shutting down and abandoning module CryptoKeysOpenSSL (320)
[2019.03.17-00.05.53:813][741]LogModuleManager: Shutting down and abandoning module CryptoKeys (318)
[2019.03.17-00.05.53:813][741]LogModuleManager: Shutting down and abandoning module VisualStudioSourceCodeAccess (316)
[2019.03.17-00.05.53:813][741]LogModuleManager: Shutting down and abandoning module VisualStudioCodeSourceCodeAccess (314)
[2019.03.17-00.05.53:813][741]LogModuleManager: Shutting down and abandoning module UObjectPlugin (312)
[2019.03.17-00.05.53:813][741]LogModuleManager: Shutting down and abandoning module SubversionSourceControl (310)
[2019.03.17-00.05.53:813][741]LogModuleManager: Shutting down and abandoning module PerforceSourceControl (308)
[2019.03.17-00.05.53:813][741]LogModuleManager: Shutting down and abandoning module GitSourceControl (306)
[2019.03.17-00.05.53:813][741]LogModuleManager: Shutting down and abandoning module SourceControl (305)
[2019.03.17-00.05.53:813][741]LogModuleManager: Shutting down and abandoning module CLionSourceCodeAccess (302)
[2019.03.17-00.05.53:813][741]LogModuleManager: Shutting down and abandoning module LightPropagationVolumeEditor (300)
[2019.03.17-00.05.53:813][741]LogModuleManager: Shutting down and abandoning module PaperTiledImporter (298)
[2019.03.17-00.05.53:813][741]LogModuleManager: Shutting down and abandoning module PaperSpriteSheetImporter (296)
[2019.03.17-00.05.53:813][741]LogModuleManager: Shutting down and abandoning module Paper2DEditor (294)
[2019.03.17-00.05.53:813][741]LogModuleManager: Shutting down and abandoning module MeshPaint (293)
[2019.03.17-00.05.53:813][741]LogModuleManager: Shutting down and abandoning module RuntimePhysXCooking (288)
[2019.03.17-00.05.53:813][741]LogModuleManager: Shutting down and abandoning module PhysXVehiclesEditor (286)
[2019.03.17-00.05.53:813][741]LogModuleManager: Shutting down and abandoning module PhysXVehicles (284)
[2019.03.17-00.05.53:813][741]LogModuleManager: Shutting down and abandoning module OculusEditor (282)
[2019.03.17-00.05.53:813][741]LogModuleManager: Shutting down and abandoning module LocationServicesBPLibrary (280)
[2019.03.17-00.05.53:813][741]LogModuleManager: Shutting down and abandoning module ImmediatePhysicsEditor (278)
[2019.03.17-00.05.53:813][741]LogModuleManager: Shutting down and abandoning module ImmediatePhysics (276)
[2019.03.17-00.05.53:813][741]LogModuleManager: Shutting down and abandoning module ActorSequence (274)
[2019.03.17-00.05.53:813][741]LogModuleManager: Shutting down and abandoning module UdpMessaging (272)
[2019.03.17-00.05.53:914][741]LogModuleManager: Shutting down and abandoning module TcpMessaging (270)
[2019.03.17-00.05.54:071][741]LogModuleManager: Shutting down and abandoning module GameplayTagsEditor (268)
[2019.03.17-00.05.54:080][741]LogModuleManager: Shutting down and abandoning module FacialAnimationEditor (266)
[2019.03.17-00.05.54:080][741]LogModuleManager: Shutting down and abandoning module FacialAnimation (264)
[2019.03.17-00.05.54:080][741]LogModuleManager: Shutting down and abandoning module DataValidation (262)
[2019.03.17-00.05.54:080][741]LogModuleManager: Shutting down and abandoning module AssetManagerEditor (260)
[2019.03.17-00.05.54:080][741]LogModuleManager: Shutting down and abandoning module LevelEditor (259)
[2019.03.17-00.05.54:086][741]LogModuleManager: Shutting down and abandoning module PixelInspectorModule (258)
[2019.03.17-00.05.54:086][741]LogModuleManager: Shutting down and abandoning module CommonMenuExtensions (256)
[2019.03.17-00.05.54:086][741]LogModuleManager: Shutting down and abandoning module MainFrame (254)
[2019.03.17-00.05.54:087][741]LogModuleManager: Shutting down and abandoning module HotReload (253)
[2019.03.17-00.05.54:087][741]LogDirectoryWatcher: A directory notification for 'C:/Users/0dps1/Documents/GitHub/BuildingEscape/BuildingEscape/Binaries/Win64' was aborted.
[2019.03.17-00.05.54:087][741]LogModuleManager: Shutting down and abandoning module ContentBrowser (249)
[2019.03.17-00.05.54:100][741]LogModuleManager: Shutting down and abandoning module TreeMap (247)
[2019.03.17-00.05.54:100][741]LogModuleManager: Shutting down and abandoning module LightPropagationVolumeRuntime (244)
[2019.03.17-00.05.54:101][741]LogModuleManager: Shutting down and abandoning module LiveLinkEditor (242)
[2019.03.17-00.05.54:101][741]LogModuleManager: Shutting down and abandoning module LiveLink (240)
[2019.03.17-00.05.54:816][741]LogModuleManager: Shutting down and abandoning module Paper2D (238)
[2019.03.17-00.05.54:816][741]LogModuleManager: Shutting down and abandoning module WindowsMoviePlayer (236)
[2019.03.17-00.05.54:816][741]LogModuleManager: Shutting down and abandoning module WmfMedia (234)
[2019.03.17-00.05.54:817][741]LogModuleManager: Shutting down and abandoning module Media (233)
[2019.03.17-00.05.54:823][741]LogModuleManager: Shutting down and abandoning module PacketHandler (230)
[2019.03.17-00.05.54:823][741]LogModuleManager: Shutting down and abandoning module ClothingSystemEditor (228)
[2019.03.17-00.05.54:823][741]LogModuleManager: Shutting down and abandoning module ClothingSystemRuntime (226)
[2019.03.17-00.05.54:823][741]LogModuleManager: Shutting down and abandoning module MediaAssets (224)
[2019.03.17-00.05.54:823][741]LogModuleManager: Shutting down and abandoning module Overlay (222)
[2019.03.17-00.05.54:823][741]LogModuleManager: Shutting down and abandoning module OverlayEditor (221)
[2019.03.17-00.05.54:823][741]LogModuleManager: Shutting down and abandoning module VREditor (218)
[2019.03.17-00.05.54:823][741]LogModuleManager: Shutting down and abandoning module StringTableEditor (216)
[2019.03.17-00.05.54:824][741]LogModuleManager: Shutting down and abandoning module GameplayTasksEditor (214)
[2019.03.17-00.05.54:824][741]LogModuleManager: Shutting down and abandoning module BehaviorTreeEditor (212)
[2019.03.17-00.05.54:824][741]LogModuleManager: Shutting down and abandoning module FunctionalTesting (210)
[2019.03.17-00.05.54:824][741]LogModuleManager: Shutting down and abandoning module CollisionAnalyzer (208)
[2019.03.17-00.05.54:825][741]LogModuleManager: Shutting down and abandoning module WorkspaceMenuStructure (207)
[2019.03.17-00.05.54:826][741]LogModuleManager: Shutting down and abandoning module UMG (204)
[2019.03.17-00.05.54:827][741]LogModuleManager: Shutting down and abandoning module UMGEditor (203)
[2019.03.17-00.05.54:827][741]LogModuleManager: Shutting down and abandoning module Sequencer (202)
[2019.03.17-00.05.54:827][741]LogModuleManager: Shutting down and abandoning module MessageLog (199)
[2019.03.17-00.05.54:827][741]LogModuleManager: Shutting down and abandoning module SlateReflector (194)
[2019.03.17-00.05.54:827][741]LogModuleManager: Shutting down and abandoning module Slate (192)
[2019.03.17-00.05.54:827][741]LogModuleManager: Shutting down and abandoning module EditorStyle (190)
[2019.03.17-00.05.54:829][741]LogModuleManager: Shutting down and abandoning module MRMesh (188)
[2019.03.17-00.05.54:829][741]LogModuleManager: Shutting down and abandoning module SourceCodeAccess (186)
[2019.03.17-00.05.54:829][741]LogModuleManager: Shutting down and abandoning module HeadMountedDisplay (184)
[2019.03.17-00.05.54:829][741]LogModuleManager: Shutting down and abandoning module XAudio2 (182)
[2019.03.17-00.05.54:829][741]LogModuleManager: Shutting down and abandoning module Networking (180)
[2019.03.17-00.05.54:829][741]LogModuleManager: Shutting down and abandoning module Core (178)
[2019.03.17-00.05.54:829][741]LogModuleManager: Shutting down and abandoning module LevelSequence (176)
[2019.03.17-00.05.54:829][741]LogModuleManager: Shutting down and abandoning module KismetCompiler (174)
[2019.03.17-00.05.54:829][741]LogModuleManager: Shutting down and abandoning module MeshUtilities (172)
[2019.03.17-00.05.54:829][741]LogModuleManager: Shutting down and abandoning module MeshMergeUtilities (171)
[2019.03.17-00.05.54:829][741]LogModuleManager: Shutting down and abandoning module MeshReductionInterface (170)
[2019.03.17-00.05.54:829][741]LogModuleManager: Shutting down and abandoning module SimplygonSwarm (169)
[2019.03.17-00.05.54:829][741]LogModuleManager: Shutting down and abandoning module SimplygonMeshReduction (167)
[2019.03.17-00.05.54:829][741]LogModuleManager: Shutting down and abandoning module QuadricMeshReduction (165)
[2019.03.17-00.05.54:829][741]LogModuleManager: Shutting down and abandoning module MaterialBaking (161)
[2019.03.17-00.05.54:829][741]LogModuleManager: Shutting down and abandoning module DirectoryWatcher (157)
[2019.03.17-00.05.54:830][741]LogModuleManager: Shutting down and abandoning module DerivedDataCache (154)
[2019.03.17-00.05.54:837][741]LogDerivedDataCache: Shutdown
[2019.03.17-00.05.54:837][741]LogModuleManager: Shutting down and abandoning module XGEController (152)
[2019.03.17-00.05.54:837][741]LogXGEController: Cleaning working directory: C:/Users/0dps1/AppData/Local/Temp/UnrealXGEWorkingDir/
[2019.03.17-00.05.54:837][741]LogModuleManager: Shutting down and abandoning module TargetPlatform (150)
[2019.03.17-00.05.54:837][741]LogModuleManager: Shutting down and abandoning module VulkanShaderFormat (149)
[2019.03.17-00.05.54:837][741]LogModuleManager: Shutting down and abandoning module ShaderFormatVectorVM (147)
[2019.03.17-00.05.54:837][741]LogModuleManager: Shutting down and abandoning module ShaderFormatOpenGL (145)
[2019.03.17-00.05.54:837][741]LogModuleManager: Shutting down and abandoning module ShaderFormatD3D (143)
[2019.03.17-00.05.54:837][741]LogModuleManager: Shutting down and abandoning module MetalShaderFormat (141)
[2019.03.17-00.05.54:837][741]LogModuleManager: Shutting down and abandoning module TextureFormatUncompressed (139)
[2019.03.17-00.05.54:837][741]LogModuleManager: Shutting down and abandoning module TextureFormatPVR (137)
[2019.03.17-00.05.54:837][741]LogModuleManager: Shutting down and abandoning module TextureFormatDXT (135)
[2019.03.17-00.05.54:837][741]LogModuleManager: Shutting down and abandoning module TextureFormatIntelISPCTexComp (133)
[2019.03.17-00.05.54:837][741]LogModuleManager: Shutting down and abandoning module TextureFormatASTC (131)
[2019.03.17-00.05.54:837][741]LogModuleManager: Shutting down and abandoning module ImageWrapper (130)
[2019.03.17-00.05.54:837][741]LogModuleManager: Shutting down and abandoning module TextureFormatAndroid (127)
[2019.03.17-00.05.54:837][741]LogModuleManager: Shutting down and abandoning module AudioFormatOpus (125)
[2019.03.17-00.05.54:837][741]LogModuleManager: Shutting down and abandoning module AudioFormatOgg (123)
[2019.03.17-00.05.54:837][741]LogModuleManager: Shutting down and abandoning module AudioFormatADPCM (121)
[2019.03.17-00.05.54:837][741]LogModuleManager: Shutting down and abandoning module LinuxTargetPlatform (119)
[2019.03.17-00.05.54:837][741]LogModuleManager: Shutting down and abandoning module LinuxServerTargetPlatform (117)
[2019.03.17-00.05.54:837][741]LogModuleManager: Shutting down and abandoning module LinuxNoEditorTargetPlatform (115)
[2019.03.17-00.05.54:837][741]LogModuleManager: Shutting down and abandoning module LinuxClientTargetPlatform (113)
[2019.03.17-00.05.54:837][741]LogModuleManager: Shutting down and abandoning module TVOSTargetPlatform (111)
[2019.03.17-00.05.54:837][741]LogModuleManager: Shutting down and abandoning module Messaging (109)
[2019.03.17-00.05.54:837][741]LogModuleManager: Shutting down and abandoning module IOSTargetPlatform (107)
[2019.03.17-00.05.54:837][741]LogModuleManager: Shutting down and abandoning module HTML5TargetPlatform (105)
[2019.03.17-00.05.54:837][741]LogModuleManager: Shutting down and abandoning module AndroidTargetPlatform (103)
[2019.03.17-00.05.54:837][741]LogModuleManager: Shutting down and abandoning module Android_PVRTCTargetPlatform (101)
[2019.03.17-00.05.54:837][741]LogModuleManager: Shutting down and abandoning module Android_MultiTargetPlatform (99)
[2019.03.17-00.05.54:837][741]LogModuleManager: Shutting down and abandoning module Android_ETC2TargetPlatform (97)
[2019.03.17-00.05.54:837][741]LogModuleManager: Shutting down and abandoning module Android_ETC1TargetPlatform (95)
[2019.03.17-00.05.54:837][741]LogModuleManager: Shutting down and abandoning module Android_ETC1aTargetPlatform (93)
[2019.03.17-00.05.54:837][741]LogModuleManager: Shutting down and abandoning module Android_DXTTargetPlatform (91)
[2019.03.17-00.05.54:837][741]LogModuleManager: Shutting down and abandoning module Android_ATCTargetPlatform (89)
[2019.03.17-00.05.54:837][741]LogModuleManager: Shutting down and abandoning module Android_ASTCTargetPlatform (87)
[2019.03.17-00.05.54:837][741]LogModuleManager: Shutting down and abandoning module WindowsTargetPlatform (85)
[2019.03.17-00.05.54:837][741]LogModuleManager: Shutting down and abandoning module WindowsServerTargetPlatform (83)
[2019.03.17-00.05.54:837][741]LogModuleManager: Shutting down and abandoning module WindowsNoEditorTargetPlatform (81)
[2019.03.17-00.05.54:837][741]LogModuleManager: Shutting down and abandoning module WindowsClientTargetPlatform (79)
[2019.03.17-00.05.54:837][741]LogModuleManager: Shutting down and abandoning module MacTargetPlatform (77)
[2019.03.17-00.05.54:837][741]LogModuleManager: Shutting down and abandoning module MacServerTargetPlatform (75)
[2019.03.17-00.05.54:837][741]LogModuleManager: Shutting down and abandoning module MacNoEditorTargetPlatform (73)
[2019.03.17-00.05.54:837][741]LogModuleManager: Shutting down and abandoning module MacClientTargetPlatform (71)
[2019.03.17-00.05.54:837][741]LogModuleManager: Shutting down and abandoning module AllDesktopTargetPlatform (69)
[2019.03.17-00.05.54:837][741]LogModuleManager: Shutting down and abandoning module InputCore (66)
[2019.03.17-00.05.54:837][741]LogModuleManager: Shutting down and abandoning module Settings (64)
[2019.03.17-00.05.54:837][741]LogModuleManager: Shutting down and abandoning module PhysXCooking (62)
[2019.03.17-00.05.54:837][741]LogModuleManager: Shutting down and abandoning module SteamVR (60)
[2019.03.17-00.05.54:837][741]LogModuleManager: Shutting down and abandoning module OculusHMD (58)
[2019.03.17-00.05.54:838][741]LogModuleManager: Shutting down and abandoning module ExampleDeviceProfileSelector (56)
[2019.03.17-00.05.54:838][741]LogModuleManager: Shutting down and abandoning module AppleARKit (54)
[2019.03.17-00.05.54:838][741]LogModuleManager: Shutting down and abandoning module AugmentedReality (51)
[2019.03.17-00.05.54:838][741]LogModuleManager: Shutting down and abandoning module OnlineBlueprintSupport (48)
[2019.03.17-00.05.54:838][741]LogModuleManager: Shutting down and abandoning module OnlineSubsystem (44)
[2019.03.17-00.05.54:838][741]LogModuleManager: Shutting down and abandoning module XMPP (43)
[2019.03.17-00.05.54:838][741]LogModuleManager: Shutting down and abandoning module HTTP (41)
[2019.03.17-00.05.54:838][741]LogHttp: Display: Http module shutting down, but needs to wait on 1 outstanding Http requests:
[2019.03.17-00.05.54:838][741]LogHttp: Display: 	verb=[POST] url=[https://datarouter.ol.epicgames.com/datarouter/api/v1/public/data?SessionID=%7B43725874-4D73-F223-9106-E2940E7011D5%7D&AppID=UEEditor.Rocket.Release&AppVersion=4.19.2-4033788%2B%2B%2BUE4%2BRelease-4.19&UserID=4c741d144eb621d0621529a6800e7ef3%7Cdf448807719d48b9866c1d9986cc6a13%7Cbaa9e411-a314-4bdc-954b-5e6784380262&AppEnvironment=datacollector-binary&UploadType=eteventstream] status=Processing
[2019.03.17-00.05.54:861][741]LogModuleManager: Shutting down and abandoning module SSL (40)
[2019.03.17-00.05.54:863][741]LogModuleManager: Shutting down and abandoning module AnimationModifiers (36)
[2019.03.17-00.05.54:863][741]LogModuleManager: Shutting down and abandoning module PropertyEditor (35)
[2019.03.17-00.05.54:863][741]LogModuleManager: Shutting down and abandoning module AudioEditor (32)
[2019.03.17-00.05.54:863][741]LogModuleManager: Shutting down and abandoning module TextureCompressor (30)
[2019.03.17-00.05.54:863][741]LogModuleManager: Shutting down and abandoning module ShaderCore (28)
[2019.03.17-00.05.54:863][741]LogModuleManager: Shutting down and abandoning module Landscape (26)
[2019.03.17-00.05.54:863][741]LogModuleManager: Shutting down and abandoning module SlateRHIRenderer (24)
[2019.03.17-00.05.54:864][741]LogModuleManager: Shutting down and abandoning module OpenGLDrv (22)
[2019.03.17-00.05.54:864][741]LogModuleManager: Shutting down and abandoning module D3D11RHI (20)
[2019.03.17-00.05.54:865][741]LogModuleManager: Shutting down and abandoning module AnimGraphRuntime (18)
[2019.03.17-00.05.54:865][741]LogModuleManager: Shutting down and abandoning module Renderer (16)
[2019.03.17-00.05.54:865][741]LogModuleManager: Shutting down and abandoning module Engine (14)
[2019.03.17-00.05.54:865][741]LogModuleManager: Shutting down and abandoning module CoreUObject (12)
[2019.03.17-00.05.54:865][741]LogModuleManager: Shutting down and abandoning module NetworkFile (10)
[2019.03.17-00.05.54:865][741]LogModuleManager: Shutting down and abandoning module CookedIterativeFile (8)
[2019.03.17-00.05.54:865][741]LogModuleManager: Shutting down and abandoning module StreamingFile (6)
[2019.03.17-00.05.54:865][741]LogModuleManager: Shutting down and abandoning module SandboxFile (4)
[2019.03.17-00.05.54:865][741]LogModuleManager: Shutting down and abandoning module PakFile (2)
[2019.03.17-00.05.54:869][741]LogExit: Exiting.
[2019.03.17-00.05.54:887][741]Log file closed, 03/16/19 18:05:54
